<?xml version="1.0" encoding="UTF-8"?>
<robot generator="Robot 3.1.2 (Python 3.7.7 on win32)" generated="20200420 23:17:02.553" rpa="false">
<suite id="s1" name="My Book" source="C:\Users\Professional\PycharmProjects\Robot_Framework\Tests\my_book.robot">
<test id="s1-t1" name="First Case">
<kw name="Log" library="BuiltIn">
<doc>Logs the given message with the given level.</doc>
<arguments>
<arg>Manu Bennet</arg>
</arguments>
<msg timestamp="20200420 23:17:03.274" level="INFO">Manu Bennet</msg>
<status status="PASS" starttime="20200420 23:17:03.273" endtime="20200420 23:17:03.274"></status>
</kw>
<status status="PASS" starttime="20200420 23:17:03.272" endtime="20200420 23:17:03.275" critical="yes"></status>
</test>
<status status="PASS" starttime="20200420 23:17:02.556" endtime="20200420 23:17:03.275"></status>
</suite>
<statistics>
<total>
<stat pass="1" fail="0">Critical Tests</stat>
<stat pass="1" fail="0">All Tests</stat>
</total>
<tag>
</tag>
<suite>
<stat pass="1" fail="0" id="s1" name="My Book">My Book</stat>
</suite>
</statistics>
<errors>
</errors>
</robot>
