<?xml version="1.0" encoding="UTF-8"?>
<robot generator="Robot 3.1.2 (Python 3.7.7 on win32)" generated="20200419 21:15:11.512" rpa="false">
<suite id="s1" name="Login" source="C:\Users\Professional\PycharmProjects\Robot_Framework\Tests\login.robot">
<test id="s1-t1" name="Login user">
<kw name="Go to Essayshark" library="Home">
<kw name="Open Browser" library="SeleniumLibrary">
<doc>Opens a new browser instance to the optional ``url``.</doc>
<arguments>
<arg>${URL}</arg>
<arg>${Browser}</arg>
</arguments>
<msg timestamp="20200419 21:15:12.019" level="INFO">Opening browser 'Chrome' to base url 'https://essayshark.com/'.</msg>
<status status="PASS" starttime="20200419 21:15:12.019" endtime="20200419 21:15:32.259"></status>
</kw>
<kw name="Maximize Browser Window" library="SeleniumLibrary">
<doc>Maximizes current browser window.</doc>
<status status="PASS" starttime="20200419 21:15:32.259" endtime="20200419 21:15:37.180"></status>
</kw>
<status status="PASS" starttime="20200419 21:15:12.018" endtime="20200419 21:15:37.180"></status>
</kw>
<kw name="Verify Essayshark Page is Loaded" library="Home">
<kw name="Wait Until Element Is Visible" library="SeleniumLibrary">
<doc>Waits until the element ``locator`` is visible.</doc>
<arguments>
<arg>id:id_esauth_myaccount_login_link</arg>
</arguments>
<status status="PASS" starttime="20200419 21:15:37.186" endtime="20200419 21:15:37.441"></status>
</kw>
<kw name="Get Title" library="SeleniumLibrary">
<doc>Returns the title of the current page.</doc>
<assign>
<var>${Title}</var>
</assign>
<msg timestamp="20200419 21:15:37.458" level="INFO">${Title} = Essay Writing Service – Cheap Help from Essay Writers | EssayShark</msg>
<status status="PASS" starttime="20200419 21:15:37.441" endtime="20200419 21:15:37.458"></status>
</kw>
<kw name="Log" library="BuiltIn">
<doc>Logs the given message with the given level.</doc>
<arguments>
<arg>${Title}</arg>
</arguments>
<msg timestamp="20200419 21:15:37.459" level="INFO">Essay Writing Service – Cheap Help from Essay Writers | EssayShark</msg>
<status status="PASS" starttime="20200419 21:15:37.458" endtime="20200419 21:15:37.459"></status>
</kw>
<status status="PASS" starttime="20200419 21:15:37.185" endtime="20200419 21:15:37.459"></status>
</kw>
<kw name="Click My Account button" library="Home">
<kw name="Click Element" library="SeleniumLibrary">
<doc>Click the element identified by ``locator``.</doc>
<arguments>
<arg>id:id_esauth_myaccount_login_link</arg>
</arguments>
<msg timestamp="20200419 21:15:37.460" level="INFO">Clicking element 'id:id_esauth_myaccount_login_link'.</msg>
<status status="PASS" starttime="20200419 21:15:37.460" endtime="20200419 21:15:37.707"></status>
</kw>
<status status="PASS" starttime="20200419 21:15:37.460" endtime="20200419 21:15:37.707"></status>
</kw>
<kw name="Enter Customer Email in email field" library="Home">
<kw name="Input Text" library="SeleniumLibrary">
<doc>Types the given ``text`` into the text field identified by ``locator``.</doc>
<arguments>
<arg>xpath://*[@id='id_esauth_login_field']</arg>
<arg>evgeniy.onoprienko@uvoteam.com</arg>
</arguments>
<msg timestamp="20200419 21:15:37.778" level="INFO">Typing text 'evgeniy.onoprienko@uvoteam.com' into text field 'xpath://*[@id='id_esauth_login_field']'.</msg>
<status status="PASS" starttime="20200419 21:15:37.778" endtime="20200419 21:15:39.251"></status>
</kw>
<status status="PASS" starttime="20200419 21:15:37.777" endtime="20200419 21:15:39.252"></status>
</kw>
<kw name="Enter Customer Password in password field" library="Home">
<kw name="Input Text" library="SeleniumLibrary">
<doc>Types the given ``text`` into the text field identified by ``locator``.</doc>
<arguments>
<arg>xpath://*[@id='id_esauth_pwd_field']</arg>
<arg>bbbb1111</arg>
</arguments>
<msg timestamp="20200419 21:15:39.255" level="INFO">Typing text 'bbbb1111' into text field 'xpath://*[@id='id_esauth_pwd_field']'.</msg>
<status status="PASS" starttime="20200419 21:15:39.254" endtime="20200419 21:15:40.044"></status>
</kw>
<status status="PASS" starttime="20200419 21:15:39.254" endtime="20200419 21:15:40.044"></status>
</kw>
<kw name="Submit Login" library="Home">
<kw name="Click Button" library="SeleniumLibrary">
<doc>Clicks the button identified by ``locator``.</doc>
<arguments>
<arg>xpath://*[@id='id_esauth_login_button']</arg>
</arguments>
<msg timestamp="20200419 21:15:40.046" level="INFO">Clicking button 'xpath://*[@id='id_esauth_login_button']'.</msg>
<status status="PASS" starttime="20200419 21:15:40.045" endtime="20200419 21:15:40.369"></status>
</kw>
<status status="PASS" starttime="20200419 21:15:40.044" endtime="20200419 21:15:40.369"></status>
</kw>
<status status="PASS" starttime="20200419 21:15:12.017" endtime="20200419 21:15:40.369" critical="yes"></status>
</test>
<status status="PASS" starttime="20200419 21:15:11.543" endtime="20200419 21:15:40.426"></status>
</suite>
<statistics>
<total>
<stat pass="1" fail="0">Critical Tests</stat>
<stat pass="1" fail="0">All Tests</stat>
</total>
<tag>
</tag>
<suite>
<stat pass="1" fail="0" id="s1" name="Login">Login</stat>
</suite>
</statistics>
<errors>
</errors>
</robot>
